Analysis & Synthesis report for Relogio
Sun Oct  8 19:44:58 2017
Quartus Prime Version 17.0.0 Build 595 04/25/2017 SJ Lite Edition


---------------------
; Table of Contents ;
---------------------
  1. Legal Notice
  2. Analysis & Synthesis Summary
  3. Analysis & Synthesis Settings
  4. Parallel Compilation
  5. Analysis & Synthesis Source Files Read
  6. Analysis & Synthesis Resource Usage Summary
  7. Analysis & Synthesis Resource Utilization by Entity
  8. State Machine - |relogio|AjusteSM:ajuste|fstate
  9. State Machine - |relogio|SM1:relogio|fstate
 10. User-Specified and Inferred Latches
 11. Registers Removed During Synthesis
 12. General Register Statistics
 13. Multiplexer Restructuring Statistics (Restructuring Performed)
 14. Parameter Settings for User Entity Instance: fluxo:FD|registradorGenerico:REG_SEC_U
 15. Parameter Settings for User Entity Instance: fluxo:FD|registradorGenerico:REG_SEC_D
 16. Parameter Settings for User Entity Instance: fluxo:FD|registradorGenerico:REG_MIN_U
 17. Parameter Settings for User Entity Instance: fluxo:FD|registradorGenerico:REG_MIN_D
 18. Parameter Settings for User Entity Instance: fluxo:FD|registradorGenerico:REG_H_U
 19. Parameter Settings for User Entity Instance: fluxo:FD|registradorGenerico:REG_H_D
 20. Parameter Settings for User Entity Instance: divisorGenerico:freq
 21. Parameter Settings for User Entity Instance: divisorGenerico:freq2
 22. Port Connectivity Checks: "ModoSM:modo"
 23. Port Connectivity Checks: "AjusteSM:ajuste"
 24. Port Connectivity Checks: "SM1:relogio"
 25. Port Connectivity Checks: "conversorHex7Seg:display5"
 26. Port Connectivity Checks: "conversorHex7Seg:display4"
 27. Port Connectivity Checks: "conversorHex7Seg:display3"
 28. Port Connectivity Checks: "conversorHex7Seg:display2"
 29. Port Connectivity Checks: "conversorHex7Seg:display1"
 30. Port Connectivity Checks: "conversorHex7Seg:display0"
 31. Port Connectivity Checks: "fluxo:FD|ULA:ULA"
 32. Post-Synthesis Netlist Statistics for Top Partition
 33. Elapsed Time Per Partition
 34. Analysis & Synthesis Messages



----------------
; Legal Notice ;
----------------
Copyright (C) 2017  Intel Corporation. All rights reserved.
Your use of Intel Corporation's design tools, logic functions 
and other software and tools, and its AMPP partner logic 
functions, and any output files from any of the foregoing 
(including device programming or simulation files), and any 
associated documentation or information are expressly subject 
to the terms and conditions of the Intel Program License 
Subscription Agreement, the Intel Quartus Prime License Agreement,
the Intel MegaCore Function License Agreement, or other 
applicable license agreement, including, without limitation, 
that your use is for the sole purpose of programming logic 
devices manufactured by Intel and sold by Intel or its 
authorized distributors.  Please refer to the applicable 
agreement for further details.



+----------------------------------------------------------------------------------+
; Analysis & Synthesis Summary                                                     ;
+------------------------------------+---------------------------------------------+
; Analysis & Synthesis Status        ; Successful - Sun Oct  8 19:44:58 2017       ;
; Quartus Prime Version              ; 17.0.0 Build 595 04/25/2017 SJ Lite Edition ;
; Revision Name                      ; Relogio                                     ;
; Top-level Entity Name              ; relogio                                     ;
; Family                             ; Cyclone IV E                                ;
; Total logic elements               ; 196                                         ;
;     Total combinational functions  ; 195                                         ;
;     Dedicated logic registers      ; 67                                          ;
; Total registers                    ; 67                                          ;
; Total pins                         ; 106                                         ;
; Total virtual pins                 ; 0                                           ;
; Total memory bits                  ; 0                                           ;
; Embedded Multiplier 9-bit elements ; 0                                           ;
; Total PLLs                         ; 0                                           ;
+------------------------------------+---------------------------------------------+


+----------------------------------------------------------------------------------------------------------------------+
; Analysis & Synthesis Settings                                                                                        ;
+----------------------------------------------------------------------------+--------------------+--------------------+
; Option                                                                     ; Setting            ; Default Value      ;
+----------------------------------------------------------------------------+--------------------+--------------------+
; Device                                                                     ; EP4CE115F29C7      ;                    ;
; Top-level entity name                                                      ; Relogio            ; Relogio            ;
; Family name                                                                ; Cyclone IV E       ; Cyclone V          ;
; Use smart compilation                                                      ; Off                ; Off                ;
; Enable parallel Assembler and TimeQuest Timing Analyzer during compilation ; On                 ; On                 ;
; Enable compact report table                                                ; Off                ; Off                ;
; Restructure Multiplexers                                                   ; Auto               ; Auto               ;
; Create Debugging Nodes for IP Cores                                        ; Off                ; Off                ;
; Preserve fewer node names                                                  ; On                 ; On                 ;
; OpenCore Plus hardware evaluation                                          ; Enable             ; Enable             ;
; Verilog Version                                                            ; Verilog_2001       ; Verilog_2001       ;
; VHDL Version                                                               ; VHDL_1993          ; VHDL_1993          ;
; State Machine Processing                                                   ; Auto               ; Auto               ;
; Safe State Machine                                                         ; Off                ; Off                ;
; Extract Verilog State Machines                                             ; On                 ; On                 ;
; Extract VHDL State Machines                                                ; On                 ; On                 ;
; Ignore Verilog initial constructs                                          ; Off                ; Off                ;
; Iteration limit for constant Verilog loops                                 ; 5000               ; 5000               ;
; Iteration limit for non-constant Verilog loops                             ; 250                ; 250                ;
; Add Pass-Through Logic to Inferred RAMs                                    ; On                 ; On                 ;
; Infer RAMs from Raw Logic                                                  ; On                 ; On                 ;
; Parallel Synthesis                                                         ; On                 ; On                 ;
; DSP Block Balancing                                                        ; Auto               ; Auto               ;
; NOT Gate Push-Back                                                         ; On                 ; On                 ;
; Power-Up Don't Care                                                        ; On                 ; On                 ;
; Remove Redundant Logic Cells                                               ; Off                ; Off                ;
; Remove Duplicate Registers                                                 ; On                 ; On                 ;
; Ignore CARRY Buffers                                                       ; Off                ; Off                ;
; Ignore CASCADE Buffers                                                     ; Off                ; Off                ;
; Ignore GLOBAL Buffers                                                      ; Off                ; Off                ;
; Ignore ROW GLOBAL Buffers                                                  ; Off                ; Off                ;
; Ignore LCELL Buffers                                                       ; Off                ; Off                ;
; Ignore SOFT Buffers                                                        ; On                 ; On                 ;
; Limit AHDL Integers to 32 Bits                                             ; Off                ; Off                ;
; Optimization Technique                                                     ; Balanced           ; Balanced           ;
; Carry Chain Length                                                         ; 70                 ; 70                 ;
; Auto Carry Chains                                                          ; On                 ; On                 ;
; Auto Open-Drain Pins                                                       ; On                 ; On                 ;
; Perform WYSIWYG Primitive Resynthesis                                      ; Off                ; Off                ;
; Auto ROM Replacement                                                       ; On                 ; On                 ;
; Auto RAM Replacement                                                       ; On                 ; On                 ;
; Auto DSP Block Replacement                                                 ; On                 ; On                 ;
; Auto Shift Register Replacement                                            ; Auto               ; Auto               ;
; Allow Shift Register Merging across Hierarchies                            ; Auto               ; Auto               ;
; Auto Clock Enable Replacement                                              ; On                 ; On                 ;
; Strict RAM Replacement                                                     ; Off                ; Off                ;
; Allow Synchronous Control Signals                                          ; On                 ; On                 ;
; Force Use of Synchronous Clear Signals                                     ; Off                ; Off                ;
; Auto RAM Block Balancing                                                   ; On                 ; On                 ;
; Auto RAM to Logic Cell Conversion                                          ; Off                ; Off                ;
; Auto Resource Sharing                                                      ; Off                ; Off                ;
; Allow Any RAM Size For Recognition                                         ; Off                ; Off                ;
; Allow Any ROM Size For Recognition                                         ; Off                ; Off                ;
; Allow Any Shift Register Size For Recognition                              ; Off                ; Off                ;
; Use LogicLock Constraints during Resource Balancing                        ; On                 ; On                 ;
; Ignore translate_off and synthesis_off directives                          ; Off                ; Off                ;
; Timing-Driven Synthesis                                                    ; On                 ; On                 ;
; Report Parameter Settings                                                  ; On                 ; On                 ;
; Report Source Assignments                                                  ; On                 ; On                 ;
; Report Connectivity Checks                                                 ; On                 ; On                 ;
; Ignore Maximum Fan-Out Assignments                                         ; Off                ; Off                ;
; Synchronization Register Chain Length                                      ; 2                  ; 2                  ;
; PowerPlay Power Optimization During Synthesis                              ; Normal compilation ; Normal compilation ;
; HDL message level                                                          ; Level2             ; Level2             ;
; Suppress Register Optimization Related Messages                            ; Off                ; Off                ;
; Number of Removed Registers Reported in Synthesis Report                   ; 5000               ; 5000               ;
; Number of Swept Nodes Reported in Synthesis Report                         ; 5000               ; 5000               ;
; Number of Inverted Registers Reported in Synthesis Report                  ; 100                ; 100                ;
; Clock MUX Protection                                                       ; On                 ; On                 ;
; Auto Gated Clock Conversion                                                ; Off                ; Off                ;
; Block Design Naming                                                        ; Auto               ; Auto               ;
; SDC constraint protection                                                  ; Off                ; Off                ;
; Synthesis Effort                                                           ; Auto               ; Auto               ;
; Shift Register Replacement - Allow Asynchronous Clear Signal               ; On                 ; On                 ;
; Pre-Mapping Resynthesis Optimization                                       ; Off                ; Off                ;
; Analysis & Synthesis Message Level                                         ; Medium             ; Medium             ;
; Disable Register Merging Across Hierarchies                                ; Auto               ; Auto               ;
; Resource Aware Inference For Block RAM                                     ; On                 ; On                 ;
+----------------------------------------------------------------------------+--------------------+--------------------+


+------------------------------------------+
; Parallel Compilation                     ;
+----------------------------+-------------+
; Processors                 ; Number      ;
+----------------------------+-------------+
; Number detected on machine ; 4           ;
; Maximum allowed            ; 4           ;
;                            ;             ;
; Average used               ; 1.00        ;
; Maximum used               ; 4           ;
;                            ;             ;
; Usage by Processor         ; % Time Used ;
;     Processor 1            ; 100.0%      ;
;     Processors 2-4         ;   0.0%      ;
+----------------------------+-------------+


+---------------------------------------------------------------------------------------------------------------------------------------------------------------+
; Analysis & Synthesis Source Files Read                                                                                                                        ;
+----------------------------------+-----------------+-----------------+------------------------------------------------------------------------------+---------+
; File Name with User-Entered Path ; Used in Netlist ; File Type       ; File Name with Absolute Path                                                 ; Library ;
+----------------------------------+-----------------+-----------------+------------------------------------------------------------------------------+---------+
; ModoSM.vhd                       ; yes             ; User VHDL File  ; /home/rmolines/Documents/GitHub/Rel-gio-VHDL/Relogio/ModoSM.vhd              ;         ;
; AjusteSM.vhd                     ; yes             ; User VHDL File  ; /home/rmolines/Documents/GitHub/Rel-gio-VHDL/Relogio/AjusteSM.vhd            ;         ;
; Relogio.vhd                      ; yes             ; User VHDL File  ; /home/rmolines/Documents/GitHub/Rel-gio-VHDL/Relogio/Relogio.vhd             ;         ;
; fluxo.vhd                        ; yes             ; User VHDL File  ; /home/rmolines/Documents/GitHub/Rel-gio-VHDL/Relogio/fluxo.vhd               ;         ;
; conversorHex7Seg.vhd             ; yes             ; User VHDL File  ; /home/rmolines/Documents/GitHub/Rel-gio-VHDL/Relogio/conversorHex7Seg.vhd    ;         ;
; MUX6.vhd                         ; yes             ; User VHDL File  ; /home/rmolines/Documents/GitHub/Rel-gio-VHDL/Relogio/MUX6.vhd                ;         ;
; SM1.vhd                          ; yes             ; User VHDL File  ; /home/rmolines/Documents/GitHub/Rel-gio-VHDL/Relogio/SM1.vhd                 ;         ;
; ULA.vhd                          ; yes             ; User VHDL File  ; /home/rmolines/Documents/GitHub/Rel-gio-VHDL/Relogio/ULA.vhd                 ;         ;
; registradorGenerico.vhd          ; yes             ; User VHDL File  ; /home/rmolines/Documents/GitHub/Rel-gio-VHDL/Relogio/registradorGenerico.vhd ;         ;
; divisorGenerico.vhd              ; yes             ; User VHDL File  ; /home/rmolines/Documents/GitHub/Rel-gio-VHDL/Relogio/divisorGenerico.vhd     ;         ;
+----------------------------------+-----------------+-----------------+------------------------------------------------------------------------------+---------+


+------------------------------------------------------------------+
; Analysis & Synthesis Resource Usage Summary                      ;
+---------------------------------------------+--------------------+
; Resource                                    ; Usage              ;
+---------------------------------------------+--------------------+
; Estimated Total logic elements              ; 196                ;
;                                             ;                    ;
; Total combinational functions               ; 195                ;
; Logic element usage by number of LUT inputs ;                    ;
;     -- 4 input functions                    ; 121                ;
;     -- 3 input functions                    ; 23                 ;
;     -- <=2 input functions                  ; 51                 ;
;                                             ;                    ;
; Logic elements by mode                      ;                    ;
;     -- normal mode                          ; 152                ;
;     -- arithmetic mode                      ; 43                 ;
;                                             ;                    ;
; Total registers                             ; 67                 ;
;     -- Dedicated logic registers            ; 67                 ;
;     -- I/O registers                        ; 0                  ;
;                                             ;                    ;
; I/O pins                                    ; 106                ;
;                                             ;                    ;
; Embedded Multiplier 9-bit elements          ; 0                  ;
;                                             ;                    ;
; Maximum fan-out node                        ; ModoSM:modo|fstate ;
; Maximum fan-out                             ; 34                 ;
; Total fan-out                               ; 970                ;
; Average fan-out                             ; 2.05               ;
+---------------------------------------------+--------------------+


+---------------------------------------------------------------------------------------------------------------------------------------------------------------------------------------------------------------------------------------------------------+
; Analysis & Synthesis Resource Utilization by Entity                                                                                                                                                                                                     ;
+---------------------------------------+---------------------+---------------------------+-------------+--------------+---------+-----------+------+--------------+-------------------------------------------------+---------------------+--------------+
; Compilation Hierarchy Node            ; Combinational ALUTs ; Dedicated Logic Registers ; Memory Bits ; DSP Elements ; DSP 9x9 ; DSP 18x18 ; Pins ; Virtual Pins ; Full Hierarchy Name                             ; Entity Name         ; Library Name ;
+---------------------------------------+---------------------+---------------------------+-------------+--------------+---------+-----------+------+--------------+-------------------------------------------------+---------------------+--------------+
; |relogio                              ; 195 (0)             ; 67 (0)                    ; 0           ; 0            ; 0       ; 0         ; 106  ; 0            ; |relogio                                        ; SM1                 ; work         ;
;    |AjusteSM:ajuste|                  ; 27 (27)             ; 8 (8)                     ; 0           ; 0            ; 0       ; 0         ; 0    ; 0            ; |relogio|AjusteSM:ajuste                        ; AjusteSM            ; work         ;
;    |ModoSM:modo|                      ; 10 (10)             ; 1 (1)                     ; 0           ; 0            ; 0       ; 0         ; 0    ; 0            ; |relogio|ModoSM:modo                            ; ModoSM              ; work         ;
;    |SM1:relogio|                      ; 15 (15)             ; 7 (7)                     ; 0           ; 0            ; 0       ; 0         ; 0    ; 0            ; |relogio|SM1:relogio                            ; SM1                 ; work         ;
;    |conversorHex7Seg:display0|        ; 7 (7)               ; 0 (0)                     ; 0           ; 0            ; 0       ; 0         ; 0    ; 0            ; |relogio|conversorHex7Seg:display0              ; conversorHex7Seg    ; work         ;
;    |conversorHex7Seg:display1|        ; 7 (7)               ; 0 (0)                     ; 0           ; 0            ; 0       ; 0         ; 0    ; 0            ; |relogio|conversorHex7Seg:display1              ; conversorHex7Seg    ; work         ;
;    |conversorHex7Seg:display2|        ; 7 (7)               ; 0 (0)                     ; 0           ; 0            ; 0       ; 0         ; 0    ; 0            ; |relogio|conversorHex7Seg:display2              ; conversorHex7Seg    ; work         ;
;    |conversorHex7Seg:display3|        ; 7 (7)               ; 0 (0)                     ; 0           ; 0            ; 0       ; 0         ; 0    ; 0            ; |relogio|conversorHex7Seg:display3              ; conversorHex7Seg    ; work         ;
;    |conversorHex7Seg:display4|        ; 7 (7)               ; 0 (0)                     ; 0           ; 0            ; 0       ; 0         ; 0    ; 0            ; |relogio|conversorHex7Seg:display4              ; conversorHex7Seg    ; work         ;
;    |conversorHex7Seg:display5|        ; 7 (7)               ; 0 (0)                     ; 0           ; 0            ; 0       ; 0         ; 0    ; 0            ; |relogio|conversorHex7Seg:display5              ; conversorHex7Seg    ; work         ;
;    |divisorGenerico:freq2|            ; 21 (21)             ; 21 (21)                   ; 0           ; 0            ; 0       ; 0         ; 0    ; 0            ; |relogio|divisorGenerico:freq2                  ; divisorGenerico     ; work         ;
;    |divisorGenerico:freq|             ; 25 (25)             ; 6 (6)                     ; 0           ; 0            ; 0       ; 0         ; 0    ; 0            ; |relogio|divisorGenerico:freq                   ; divisorGenerico     ; work         ;
;    |fluxo:FD|                         ; 55 (0)              ; 24 (0)                    ; 0           ; 0            ; 0       ; 0         ; 0    ; 0            ; |relogio|fluxo:FD                               ; fluxo               ; work         ;
;       |MUX6:MUX6|                     ; 21 (21)             ; 0 (0)                     ; 0           ; 0            ; 0       ; 0         ; 0    ; 0            ; |relogio|fluxo:FD|MUX6:MUX6                     ; MUX6                ; work         ;
;       |ULA:ULA|                       ; 3 (3)               ; 0 (0)                     ; 0           ; 0            ; 0       ; 0         ; 0    ; 0            ; |relogio|fluxo:FD|ULA:ULA                       ; ULA                 ; work         ;
;       |registradorGenerico:REG_H_D|   ; 5 (5)               ; 4 (4)                     ; 0           ; 0            ; 0       ; 0         ; 0    ; 0            ; |relogio|fluxo:FD|registradorGenerico:REG_H_D   ; registradorGenerico ; work         ;
;       |registradorGenerico:REG_H_U|   ; 5 (5)               ; 4 (4)                     ; 0           ; 0            ; 0       ; 0         ; 0    ; 0            ; |relogio|fluxo:FD|registradorGenerico:REG_H_U   ; registradorGenerico ; work         ;
;       |registradorGenerico:REG_MIN_D| ; 6 (6)               ; 4 (4)                     ; 0           ; 0            ; 0       ; 0         ; 0    ; 0            ; |relogio|fluxo:FD|registradorGenerico:REG_MIN_D ; registradorGenerico ; work         ;
;       |registradorGenerico:REG_MIN_U| ; 5 (5)               ; 4 (4)                     ; 0           ; 0            ; 0       ; 0         ; 0    ; 0            ; |relogio|fluxo:FD|registradorGenerico:REG_MIN_U ; registradorGenerico ; work         ;
;       |registradorGenerico:REG_SEC_D| ; 5 (5)               ; 4 (4)                     ; 0           ; 0            ; 0       ; 0         ; 0    ; 0            ; |relogio|fluxo:FD|registradorGenerico:REG_SEC_D ; registradorGenerico ; work         ;
;       |registradorGenerico:REG_SEC_U| ; 5 (5)               ; 4 (4)                     ; 0           ; 0            ; 0       ; 0         ; 0    ; 0            ; |relogio|fluxo:FD|registradorGenerico:REG_SEC_U ; registradorGenerico ; work         ;
+---------------------------------------+---------------------+---------------------------+-------------+--------------+---------+-----------+------+--------------+-------------------------------------------------+---------------------+--------------+
Note: For table entries with two numbers listed, the numbers in parentheses indicate the number of resources of the given type used by the specific entity alone. The numbers listed outside of parentheses indicate the total resources of the given type used by the specific entity and all of its sub-entities in the hierarchy.


Encoding Type:  One-Hot
+-----------------------------------------------------------------------------------------------------------------------------------------------+
; State Machine - |relogio|AjusteSM:ajuste|fstate                                                                                               ;
+---------------+---------------+---------------+---------------+---------------+---------------+---------------+---------------+---------------+
; Name          ; fstate.state1 ; fstate.state7 ; fstate.state6 ; fstate.state5 ; fstate.state4 ; fstate.state3 ; fstate.state2 ; fstate.stateD ;
+---------------+---------------+---------------+---------------+---------------+---------------+---------------+---------------+---------------+
; fstate.stateD ; 0             ; 0             ; 0             ; 0             ; 0             ; 0             ; 0             ; 0             ;
; fstate.state2 ; 0             ; 0             ; 0             ; 0             ; 0             ; 0             ; 1             ; 1             ;
; fstate.state3 ; 0             ; 0             ; 0             ; 0             ; 0             ; 1             ; 0             ; 1             ;
; fstate.state4 ; 0             ; 0             ; 0             ; 0             ; 1             ; 0             ; 0             ; 1             ;
; fstate.state5 ; 0             ; 0             ; 0             ; 1             ; 0             ; 0             ; 0             ; 1             ;
; fstate.state6 ; 0             ; 0             ; 1             ; 0             ; 0             ; 0             ; 0             ; 1             ;
; fstate.state7 ; 0             ; 1             ; 0             ; 0             ; 0             ; 0             ; 0             ; 1             ;
; fstate.state1 ; 1             ; 0             ; 0             ; 0             ; 0             ; 0             ; 0             ; 1             ;
+---------------+---------------+---------------+---------------+---------------+---------------+---------------+---------------+---------------+


Encoding Type:  One-Hot
+-------------------------------------------------------------------------------------------------------------------------------+
; State Machine - |relogio|SM1:relogio|fstate                                                                                   ;
+---------------+---------------+---------------+---------------+---------------+---------------+---------------+---------------+
; Name          ; fstate.state7 ; fstate.state6 ; fstate.state5 ; fstate.state4 ; fstate.state3 ; fstate.state2 ; fstate.state1 ;
+---------------+---------------+---------------+---------------+---------------+---------------+---------------+---------------+
; fstate.state1 ; 0             ; 0             ; 0             ; 0             ; 0             ; 0             ; 0             ;
; fstate.state2 ; 0             ; 0             ; 0             ; 0             ; 0             ; 1             ; 1             ;
; fstate.state3 ; 0             ; 0             ; 0             ; 0             ; 1             ; 0             ; 1             ;
; fstate.state4 ; 0             ; 0             ; 0             ; 1             ; 0             ; 0             ; 1             ;
; fstate.state5 ; 0             ; 0             ; 1             ; 0             ; 0             ; 0             ; 1             ;
; fstate.state6 ; 0             ; 1             ; 0             ; 0             ; 0             ; 0             ; 1             ;
; fstate.state7 ; 1             ; 0             ; 0             ; 0             ; 0             ; 0             ; 1             ;
+---------------+---------------+---------------+---------------+---------------+---------------+---------------+---------------+


+-----------------------------------------------------------------------------------------------------------+
; User-Specified and Inferred Latches                                                                       ;
+----------------------------------------------------+-----------------------------+------------------------+
; Latch Name                                         ; Latch Enable Signal         ; Free of Timing Hazards ;
+----------------------------------------------------+-----------------------------+------------------------+
; fluxo:FD|MUX6:MUX6|SAIDA[2]                        ; fluxo:FD|MUX6:MUX6|SAIDA[3] ; yes                    ;
; fluxo:FD|MUX6:MUX6|SAIDA[0]                        ; fluxo:FD|MUX6:MUX6|SAIDA[3] ; yes                    ;
; fluxo:FD|MUX6:MUX6|SAIDA[1]                        ; fluxo:FD|MUX6:MUX6|SAIDA[3] ; yes                    ;
; fluxo:FD|MUX6:MUX6|SAIDA[3]                        ; fluxo:FD|MUX6:MUX6|SAIDA[3] ; yes                    ;
; Number of user-specified and inferred latches = 4  ;                             ;                        ;
+----------------------------------------------------+-----------------------------+------------------------+
Note: All latches listed above may not be present at the end of synthesis due to various synthesis optimizations.


+------------------------------------------------------------------------------------+
; Registers Removed During Synthesis                                                 ;
+----------------------------------------+-------------------------------------------+
; Register name                          ; Reason for Removal                        ;
+----------------------------------------+-------------------------------------------+
; divisorGenerico:freq|cnt[0]            ; Merged with divisorGenerico:freq2|cnt[0]  ;
; divisorGenerico:freq|cnt[1]            ; Merged with divisorGenerico:freq2|cnt[1]  ;
; divisorGenerico:freq|cnt[2]            ; Merged with divisorGenerico:freq2|cnt[2]  ;
; divisorGenerico:freq|cnt[3]            ; Merged with divisorGenerico:freq2|cnt[3]  ;
; divisorGenerico:freq|cnt[4]            ; Merged with divisorGenerico:freq2|cnt[4]  ;
; divisorGenerico:freq|cnt[5]            ; Merged with divisorGenerico:freq2|cnt[5]  ;
; divisorGenerico:freq|cnt[6]            ; Merged with divisorGenerico:freq2|cnt[6]  ;
; divisorGenerico:freq|cnt[7]            ; Merged with divisorGenerico:freq2|cnt[7]  ;
; divisorGenerico:freq|cnt[8]            ; Merged with divisorGenerico:freq2|cnt[8]  ;
; divisorGenerico:freq|cnt[9]            ; Merged with divisorGenerico:freq2|cnt[9]  ;
; divisorGenerico:freq|cnt[10]           ; Merged with divisorGenerico:freq2|cnt[10] ;
; divisorGenerico:freq|cnt[11]           ; Merged with divisorGenerico:freq2|cnt[11] ;
; divisorGenerico:freq|cnt[12]           ; Merged with divisorGenerico:freq2|cnt[12] ;
; divisorGenerico:freq|cnt[13]           ; Merged with divisorGenerico:freq2|cnt[13] ;
; divisorGenerico:freq|cnt[14]           ; Merged with divisorGenerico:freq2|cnt[14] ;
; divisorGenerico:freq|cnt[15]           ; Merged with divisorGenerico:freq2|cnt[15] ;
; divisorGenerico:freq|cnt[16]           ; Merged with divisorGenerico:freq2|cnt[16] ;
; divisorGenerico:freq|cnt[17]           ; Merged with divisorGenerico:freq2|cnt[17] ;
; divisorGenerico:freq|cnt[18]           ; Merged with divisorGenerico:freq2|cnt[18] ;
; divisorGenerico:freq|cnt[19]           ; Merged with divisorGenerico:freq2|cnt[19] ;
; Total Number of Removed Registers = 20 ;                                           ;
+----------------------------------------+-------------------------------------------+


+------------------------------------------------------+
; General Register Statistics                          ;
+----------------------------------------------+-------+
; Statistic                                    ; Value ;
+----------------------------------------------+-------+
; Total registers                              ; 67    ;
; Number of registers using Synchronous Clear  ; 0     ;
; Number of registers using Synchronous Load   ; 0     ;
; Number of registers using Asynchronous Clear ; 0     ;
; Number of registers using Asynchronous Load  ; 0     ;
; Number of registers using Clock Enable       ; 24    ;
; Number of registers using Preset             ; 0     ;
+----------------------------------------------+-------+


+-----------------------------------------------------------------------------------------------------------------------------------------------------------------------+
; Multiplexer Restructuring Statistics (Restructuring Performed)                                                                                                        ;
+--------------------+-----------+---------------+----------------------+------------------------+------------+---------------------------------------------------------+
; Multiplexer Inputs ; Bus Width ; Baseline Area ; Area if Restructured ; Saving if Restructured ; Registered ; Example Multiplexer Output                              ;
+--------------------+-----------+---------------+----------------------+------------------------+------------+---------------------------------------------------------+
; 3:1                ; 4 bits    ; 8 LEs         ; 4 LEs                ; 4 LEs                  ; Yes        ; |relogio|fluxo:FD|registradorGenerico:REG_SEC_U|DOUT[0] ;
; 3:1                ; 4 bits    ; 8 LEs         ; 4 LEs                ; 4 LEs                  ; Yes        ; |relogio|fluxo:FD|registradorGenerico:REG_SEC_D|DOUT[0] ;
; 3:1                ; 4 bits    ; 8 LEs         ; 4 LEs                ; 4 LEs                  ; Yes        ; |relogio|fluxo:FD|registradorGenerico:REG_MIN_U|DOUT[1] ;
; 3:1                ; 4 bits    ; 8 LEs         ; 4 LEs                ; 4 LEs                  ; Yes        ; |relogio|fluxo:FD|registradorGenerico:REG_MIN_D|DOUT[1] ;
; 3:1                ; 4 bits    ; 8 LEs         ; 4 LEs                ; 4 LEs                  ; Yes        ; |relogio|fluxo:FD|registradorGenerico:REG_H_U|DOUT[3]   ;
; 3:1                ; 4 bits    ; 8 LEs         ; 4 LEs                ; 4 LEs                  ; Yes        ; |relogio|fluxo:FD|registradorGenerico:REG_H_D|DOUT[3]   ;
; 8:1                ; 4 bits    ; 20 LEs        ; 16 LEs               ; 4 LEs                  ; No         ; |relogio|fluxo:FD|MUX6:MUX6|SAIDA[1]                    ;
+--------------------+-----------+---------------+----------------------+------------------------+------------+---------------------------------------------------------+


+-------------------------------------------------------------------------------------+
; Parameter Settings for User Entity Instance: fluxo:FD|registradorGenerico:REG_SEC_U ;
+----------------+-------+------------------------------------------------------------+
; Parameter Name ; Value ; Type                                                       ;
+----------------+-------+------------------------------------------------------------+
; larguradados   ; 4     ; Signed Integer                                             ;
+----------------+-------+------------------------------------------------------------+
Note: In order to hide this table in the UI and the text report file, please set the "Show Parameter Settings in Synthesis Report" option in "Analysis and Synthesis Settings -> More Settings" to "Off".


+-------------------------------------------------------------------------------------+
; Parameter Settings for User Entity Instance: fluxo:FD|registradorGenerico:REG_SEC_D ;
+----------------+-------+------------------------------------------------------------+
; Parameter Name ; Value ; Type                                                       ;
+----------------+-------+------------------------------------------------------------+
; larguradados   ; 4     ; Signed Integer                                             ;
+----------------+-------+------------------------------------------------------------+
Note: In order to hide this table in the UI and the text report file, please set the "Show Parameter Settings in Synthesis Report" option in "Analysis and Synthesis Settings -> More Settings" to "Off".


+-------------------------------------------------------------------------------------+
; Parameter Settings for User Entity Instance: fluxo:FD|registradorGenerico:REG_MIN_U ;
+----------------+-------+------------------------------------------------------------+
; Parameter Name ; Value ; Type                                                       ;
+----------------+-------+------------------------------------------------------------+
; larguradados   ; 4     ; Signed Integer                                             ;
+----------------+-------+------------------------------------------------------------+
Note: In order to hide this table in the UI and the text report file, please set the "Show Parameter Settings in Synthesis Report" option in "Analysis and Synthesis Settings -> More Settings" to "Off".


+-------------------------------------------------------------------------------------+
; Parameter Settings for User Entity Instance: fluxo:FD|registradorGenerico:REG_MIN_D ;
+----------------+-------+------------------------------------------------------------+
; Parameter Name ; Value ; Type                                                       ;
+----------------+-------+------------------------------------------------------------+
; larguradados   ; 4     ; Signed Integer                                             ;
+----------------+-------+------------------------------------------------------------+
Note: In order to hide this table in the UI and the text report file, please set the "Show Parameter Settings in Synthesis Report" option in "Analysis and Synthesis Settings -> More Settings" to "Off".


+-----------------------------------------------------------------------------------+
; Parameter Settings for User Entity Instance: fluxo:FD|registradorGenerico:REG_H_U ;
+----------------+-------+----------------------------------------------------------+
; Parameter Name ; Value ; Type                                                     ;
+----------------+-------+----------------------------------------------------------+
; larguradados   ; 4     ; Signed Integer                                           ;
+----------------+-------+----------------------------------------------------------+
Note: In order to hide this table in the UI and the text report file, please set the "Show Parameter Settings in Synthesis Report" option in "Analysis and Synthesis Settings -> More Settings" to "Off".


+-----------------------------------------------------------------------------------+
; Parameter Settings for User Entity Instance: fluxo:FD|registradorGenerico:REG_H_D ;
+----------------+-------+----------------------------------------------------------+
; Parameter Name ; Value ; Type                                                     ;
+----------------+-------+----------------------------------------------------------+
; larguradados   ; 4     ; Signed Integer                                           ;
+----------------+-------+----------------------------------------------------------+
Note: In order to hide this table in the UI and the text report file, please set the "Show Parameter Settings in Synthesis Report" option in "Analysis and Synthesis Settings -> More Settings" to "Off".


+-------------------------------------------------------------------+
; Parameter Settings for User Entity Instance: divisorGenerico:freq ;
+----------------+-------+------------------------------------------+
; Parameter Name ; Value ; Type                                     ;
+----------------+-------+------------------------------------------+
; divisor        ; 25    ; Signed Integer                           ;
+----------------+-------+------------------------------------------+
Note: In order to hide this table in the UI and the text report file, please set the "Show Parameter Settings in Synthesis Report" option in "Analysis and Synthesis Settings -> More Settings" to "Off".


+--------------------------------------------------------------------+
; Parameter Settings for User Entity Instance: divisorGenerico:freq2 ;
+----------------+-------+-------------------------------------------+
; Parameter Name ; Value ; Type                                      ;
+----------------+-------+-------------------------------------------+
; divisor        ; 20    ; Signed Integer                            ;
+----------------+-------+-------------------------------------------+
Note: In order to hide this table in the UI and the text report file, please set the "Show Parameter Settings in Synthesis Report" option in "Analysis and Synthesis Settings -> More Settings" to "Off".


+-----------------------------------------+
; Port Connectivity Checks: "ModoSM:modo" ;
+-------+-------+----------+--------------+
; Port  ; Type  ; Severity ; Details      ;
+-------+-------+----------+--------------+
; reset ; Input ; Info     ; Stuck at GND ;
+-------+-------+----------+--------------+


+---------------------------------------------+
; Port Connectivity Checks: "AjusteSM:ajuste" ;
+-------+-------+----------+------------------+
; Port  ; Type  ; Severity ; Details          ;
+-------+-------+----------+------------------+
; reset ; Input ; Info     ; Stuck at GND     ;
+-------+-------+----------+------------------+


+-----------------------------------------+
; Port Connectivity Checks: "SM1:relogio" ;
+-------+-------+----------+--------------+
; Port  ; Type  ; Severity ; Details      ;
+-------+-------+----------+--------------+
; reset ; Input ; Info     ; Stuck at GND ;
+-------+-------+----------+--------------+


+-------------------------------------------------------+
; Port Connectivity Checks: "conversorHex7Seg:display5" ;
+----------+-------+----------+-------------------------+
; Port     ; Type  ; Severity ; Details                 ;
+----------+-------+----------+-------------------------+
; negativo ; Input ; Info     ; Stuck at GND            ;
; overflow ; Input ; Info     ; Stuck at GND            ;
+----------+-------+----------+-------------------------+


+-------------------------------------------------------+
; Port Connectivity Checks: "conversorHex7Seg:display4" ;
+----------+-------+----------+-------------------------+
; Port     ; Type  ; Severity ; Details                 ;
+----------+-------+----------+-------------------------+
; negativo ; Input ; Info     ; Stuck at GND            ;
; overflow ; Input ; Info     ; Stuck at GND            ;
+----------+-------+----------+-------------------------+


+-------------------------------------------------------+
; Port Connectivity Checks: "conversorHex7Seg:display3" ;
+----------+-------+----------+-------------------------+
; Port     ; Type  ; Severity ; Details                 ;
+----------+-------+----------+-------------------------+
; negativo ; Input ; Info     ; Stuck at GND            ;
; overflow ; Input ; Info     ; Stuck at GND            ;
+----------+-------+----------+-------------------------+


+-------------------------------------------------------+
; Port Connectivity Checks: "conversorHex7Seg:display2" ;
+----------+-------+----------+-------------------------+
; Port     ; Type  ; Severity ; Details                 ;
+----------+-------+----------+-------------------------+
; negativo ; Input ; Info     ; Stuck at GND            ;
; overflow ; Input ; Info     ; Stuck at GND            ;
+----------+-------+----------+-------------------------+


+-------------------------------------------------------+
; Port Connectivity Checks: "conversorHex7Seg:display1" ;
+----------+-------+----------+-------------------------+
; Port     ; Type  ; Severity ; Details                 ;
+----------+-------+----------+-------------------------+
; negativo ; Input ; Info     ; Stuck at GND            ;
; overflow ; Input ; Info     ; Stuck at GND            ;
+----------+-------+----------+-------------------------+


+-------------------------------------------------------+
; Port Connectivity Checks: "conversorHex7Seg:display0" ;
+----------+-------+----------+-------------------------+
; Port     ; Type  ; Severity ; Details                 ;
+----------+-------+----------+-------------------------+
; negativo ; Input ; Info     ; Stuck at GND            ;
; overflow ; Input ; Info     ; Stuck at GND            ;
+----------+-------+----------+-------------------------+


+--------------------------------------------------------------------------------------------------------------------+
; Port Connectivity Checks: "fluxo:FD|ULA:ULA"                                                                       ;
+----------+--------+----------+-------------------------------------------------------------------------------------+
; Port     ; Type   ; Severity ; Details                                                                             ;
+----------+--------+----------+-------------------------------------------------------------------------------------+
; b[3..1]  ; Input  ; Info     ; Stuck at GND                                                                        ;
; b[0]     ; Input  ; Info     ; Stuck at VCC                                                                        ;
; sel      ; Input  ; Info     ; Stuck at GND                                                                        ;
; overflow ; Output ; Info     ; Connected to dangling logic. Logic that only feeds a dangling port will be removed. ;
+----------+--------+----------+-------------------------------------------------------------------------------------+


+-----------------------------------------------------+
; Post-Synthesis Netlist Statistics for Top Partition ;
+-----------------------+-----------------------------+
; Type                  ; Count                       ;
+-----------------------+-----------------------------+
; boundary_port         ; 106                         ;
; cycloneiii_ff         ; 67                          ;
;     ENA               ; 24                          ;
;     plain             ; 43                          ;
; cycloneiii_lcell_comb ; 206                         ;
;     arith             ; 43                          ;
;         2 data inputs ; 41                          ;
;         3 data inputs ; 2                           ;
;     normal            ; 163                         ;
;         0 data inputs ; 1                           ;
;         1 data inputs ; 13                          ;
;         2 data inputs ; 7                           ;
;         3 data inputs ; 21                          ;
;         4 data inputs ; 121                         ;
;                       ;                             ;
; Max LUT depth         ; 6.00                        ;
; Average LUT depth     ; 2.62                        ;
+-----------------------+-----------------------------+


+-------------------------------+
; Elapsed Time Per Partition    ;
+----------------+--------------+
; Partition Name ; Elapsed Time ;
+----------------+--------------+
; Top            ; 00:00:00     ;
+----------------+--------------+


+-------------------------------+
; Analysis & Synthesis Messages ;
+-------------------------------+
Info: *******************************************************************
Info: Running Quartus Prime Analysis & Synthesis
    Info: Version 17.0.0 Build 595 04/25/2017 SJ Lite Edition
    Info: Processing started: Sun Oct  8 19:44:47 2017
Info: Command: quartus_map --read_settings_files=on --write_settings_files=off Relogio -c Relogio
Warning (18236): Number of processors has not been specified which may cause overloading on shared machines.  Set the global assignment NUM_PARALLEL_PROCESSORS in your QSF to an appropriate value for best performance.
Info (20030): Parallel compilation is enabled and will use 4 of the 4 processors detected
Info (12021): Found 2 design units, including 1 entities, in source file ModoSM.vhd
    Info (12022): Found design unit 1: ModoSM-BEHAVIOR File: /home/rmolines/Documents/GitHub/Rel-gio-VHDL/Relogio/ModoSM.vhd Line: 42
    Info (12023): Found entity 1: ModoSM File: /home/rmolines/Documents/GitHub/Rel-gio-VHDL/Relogio/ModoSM.vhd Line: 22
Info (12021): Found 2 design units, including 1 entities, in source file AjusteSM.vhd
    Info (12022): Found design unit 1: AjusteSM-BEHAVIOR File: /home/rmolines/Documents/GitHub/Rel-gio-VHDL/Relogio/AjusteSM.vhd Line: 34
    Info (12023): Found entity 1: AjusteSM File: /home/rmolines/Documents/GitHub/Rel-gio-VHDL/Relogio/AjusteSM.vhd Line: 22
Info (12021): Found 2 design units, including 1 entities, in source file Relogio.vhd
    Info (12022): Found design unit 1: relogio-comportamento File: /home/rmolines/Documents/GitHub/Rel-gio-VHDL/Relogio/Relogio.vhd Line: 20
    Info (12023): Found entity 1: relogio File: /home/rmolines/Documents/GitHub/Rel-gio-VHDL/Relogio/Relogio.vhd Line: 5
Info (12021): Found 2 design units, including 1 entities, in source file fluxo.vhd
    Info (12022): Found design unit 1: fluxo-behaviour File: /home/rmolines/Documents/GitHub/Rel-gio-VHDL/Relogio/fluxo.vhd Line: 22
    Info (12023): Found entity 1: fluxo File: /home/rmolines/Documents/GitHub/Rel-gio-VHDL/Relogio/fluxo.vhd Line: 5
Info (12021): Found 2 design units, including 1 entities, in source file conversorHex7Seg.vhd
    Info (12022): Found design unit 1: conversorHex7Seg-comportamento File: /home/rmolines/Documents/GitHub/Rel-gio-VHDL/Relogio/conversorHex7Seg.vhd Line: 16
    Info (12023): Found entity 1: conversorHex7Seg File: /home/rmolines/Documents/GitHub/Rel-gio-VHDL/Relogio/conversorHex7Seg.vhd Line: 4
Info (12021): Found 2 design units, including 1 entities, in source file MUX6.vhd
    Info (12022): Found design unit 1: MUX6-MUX_ARCH File: /home/rmolines/Documents/GitHub/Rel-gio-VHDL/Relogio/MUX6.vhd Line: 18
    Info (12023): Found entity 1: MUX6 File: /home/rmolines/Documents/GitHub/Rel-gio-VHDL/Relogio/MUX6.vhd Line: 5
Info (12021): Found 2 design units, including 1 entities, in source file SM1.vhd
    Info (12022): Found design unit 1: SM1-BEHAVIOR File: /home/rmolines/Documents/GitHub/Rel-gio-VHDL/Relogio/SM1.vhd Line: 33
    Info (12023): Found entity 1: SM1 File: /home/rmolines/Documents/GitHub/Rel-gio-VHDL/Relogio/SM1.vhd Line: 22
Info (12021): Found 2 design units, including 1 entities, in source file ULA.vhd
    Info (12022): Found design unit 1: ULA-comportamento File: /home/rmolines/Documents/GitHub/Rel-gio-VHDL/Relogio/ULA.vhd Line: 14
    Info (12023): Found entity 1: ULA File: /home/rmolines/Documents/GitHub/Rel-gio-VHDL/Relogio/ULA.vhd Line: 5
Info (12021): Found 2 design units, including 1 entities, in source file registradorGenerico.vhd
    Info (12022): Found design unit 1: registradorGenerico-comportamento File: /home/rmolines/Documents/GitHub/Rel-gio-VHDL/Relogio/registradorGenerico.vhd Line: 14
    Info (12023): Found entity 1: registradorGenerico File: /home/rmolines/Documents/GitHub/Rel-gio-VHDL/Relogio/registradorGenerico.vhd Line: 4
Info (12021): Found 3 design units, including 1 entities, in source file divisorGenerico.vhd
    Info (12022): Found design unit 1: divisorGenerico-divisaoPor2 File: /home/rmolines/Documents/GitHub/Rel-gio-VHDL/Relogio/divisorGenerico.vhd Line: 14
    Info (12022): Found design unit 2: divisorGenerico-divisaoGenerica File: /home/rmolines/Documents/GitHub/Rel-gio-VHDL/Relogio/divisorGenerico.vhd Line: 27
    Info (12023): Found entity 1: divisorGenerico File: /home/rmolines/Documents/GitHub/Rel-gio-VHDL/Relogio/divisorGenerico.vhd Line: 5
Info (12021): Found 2 design units, including 1 entities, in source file bancoRegistradores.vhd
    Info (12022): Found design unit 1: bancoRegistradores-behaviour File: /home/rmolines/Documents/GitHub/Rel-gio-VHDL/Relogio/bancoRegistradores.vhd Line: 31
    Info (12023): Found entity 1: bancoRegistradores File: /home/rmolines/Documents/GitHub/Rel-gio-VHDL/Relogio/bancoRegistradores.vhd Line: 6
Info (12127): Elaborating entity "Relogio" for the top level hierarchy
Warning (10541): VHDL Signal Declaration warning at Relogio.vhd(16): used implicit default value for signal "HEX6" because signal was never assigned a value or an explicit default value. Use of implicit default value may introduce unintended design optimizations. File: /home/rmolines/Documents/GitHub/Rel-gio-VHDL/Relogio/Relogio.vhd Line: 16
Warning (10541): VHDL Signal Declaration warning at Relogio.vhd(16): used implicit default value for signal "HEX7" because signal was never assigned a value or an explicit default value. Use of implicit default value may introduce unintended design optimizations. File: /home/rmolines/Documents/GitHub/Rel-gio-VHDL/Relogio/Relogio.vhd Line: 16
Warning (10036): Verilog HDL or VHDL warning at Relogio.vhd(25): object "auxReset" assigned a value but never read File: /home/rmolines/Documents/GitHub/Rel-gio-VHDL/Relogio/Relogio.vhd Line: 25
Info (12128): Elaborating entity "fluxo" for hierarchy "fluxo:FD" File: /home/rmolines/Documents/GitHub/Rel-gio-VHDL/Relogio/Relogio.vhd Line: 33
Info (12128): Elaborating entity "MUX6" for hierarchy "fluxo:FD|MUX6:MUX6" File: /home/rmolines/Documents/GitHub/Rel-gio-VHDL/Relogio/fluxo.vhd Line: 40
Info (10041): Inferred latch for "SAIDA[0]" at MUX6.vhd(20) File: /home/rmolines/Documents/GitHub/Rel-gio-VHDL/Relogio/MUX6.vhd Line: 20
Info (10041): Inferred latch for "SAIDA[1]" at MUX6.vhd(20) File: /home/rmolines/Documents/GitHub/Rel-gio-VHDL/Relogio/MUX6.vhd Line: 20
Info (10041): Inferred latch for "SAIDA[2]" at MUX6.vhd(20) File: /home/rmolines/Documents/GitHub/Rel-gio-VHDL/Relogio/MUX6.vhd Line: 20
Info (10041): Inferred latch for "SAIDA[3]" at MUX6.vhd(20) File: /home/rmolines/Documents/GitHub/Rel-gio-VHDL/Relogio/MUX6.vhd Line: 20
Info (12128): Elaborating entity "ULA" for hierarchy "fluxo:FD|ULA:ULA" File: /home/rmolines/Documents/GitHub/Rel-gio-VHDL/Relogio/fluxo.vhd Line: 42
Info (12128): Elaborating entity "registradorGenerico" for hierarchy "fluxo:FD|registradorGenerico:REG_SEC_U" File: /home/rmolines/Documents/GitHub/Rel-gio-VHDL/Relogio/fluxo.vhd Line: 44
Info (12128): Elaborating entity "conversorHex7Seg" for hierarchy "conversorHex7Seg:display0" File: /home/rmolines/Documents/GitHub/Rel-gio-VHDL/Relogio/Relogio.vhd Line: 39
Info (12128): Elaborating entity "SM1" for hierarchy "SM1:relogio" File: /home/rmolines/Documents/GitHub/Rel-gio-VHDL/Relogio/Relogio.vhd Line: 55
Info (12128): Elaborating entity "AjusteSM" for hierarchy "AjusteSM:ajuste" File: /home/rmolines/Documents/GitHub/Rel-gio-VHDL/Relogio/Relogio.vhd Line: 62
Info (12128): Elaborating entity "ModoSM" for hierarchy "ModoSM:modo" File: /home/rmolines/Documents/GitHub/Rel-gio-VHDL/Relogio/Relogio.vhd Line: 69
Info (12129): Elaborating entity "divisorGenerico" using architecture "A:divisaogenerica" for hierarchy "divisorGenerico:freq" File: /home/rmolines/Documents/GitHub/Rel-gio-VHDL/Relogio/Relogio.vhd Line: 81
Info (12129): Elaborating entity "divisorGenerico" using architecture "A:divisaogenerica" for hierarchy "divisorGenerico:freq2" File: /home/rmolines/Documents/GitHub/Rel-gio-VHDL/Relogio/Relogio.vhd Line: 84
Warning (19016): Clock multiplexers are found and protected
    Warning (19017): Found clock multiplexer ModoSM:modo|clockOut~0 File: /home/rmolines/Documents/GitHub/Rel-gio-VHDL/Relogio/ModoSM.vhd Line: 38
Warning (13012): Latch fluxo:FD|MUX6:MUX6|SAIDA[2] has unsafe behavior File: /home/rmolines/Documents/GitHub/Rel-gio-VHDL/Relogio/MUX6.vhd Line: 20
    Warning (13013): Ports D and ENA on the latch are fed by the same signal ModoSM:modo|fstate File: /home/rmolines/Documents/GitHub/Rel-gio-VHDL/Relogio/ModoSM.vhd Line: 44
Warning (13012): Latch fluxo:FD|MUX6:MUX6|SAIDA[0] has unsafe behavior File: /home/rmolines/Documents/GitHub/Rel-gio-VHDL/Relogio/MUX6.vhd Line: 20
    Warning (13013): Ports D and ENA on the latch are fed by the same signal ModoSM:modo|fstate File: /home/rmolines/Documents/GitHub/Rel-gio-VHDL/Relogio/ModoSM.vhd Line: 44
Warning (13012): Latch fluxo:FD|MUX6:MUX6|SAIDA[1] has unsafe behavior File: /home/rmolines/Documents/GitHub/Rel-gio-VHDL/Relogio/MUX6.vhd Line: 20
    Warning (13013): Ports D and ENA on the latch are fed by the same signal ModoSM:modo|fstate File: /home/rmolines/Documents/GitHub/Rel-gio-VHDL/Relogio/ModoSM.vhd Line: 44
Warning (13012): Latch fluxo:FD|MUX6:MUX6|SAIDA[3] has unsafe behavior File: /home/rmolines/Documents/GitHub/Rel-gio-VHDL/Relogio/MUX6.vhd Line: 20
    Warning (13013): Ports D and ENA on the latch are fed by the same signal ModoSM:modo|fstate File: /home/rmolines/Documents/GitHub/Rel-gio-VHDL/Relogio/ModoSM.vhd Line: 44
Warning (13024): Output pins are stuck at VCC or GND
    Warning (13410): Pin "LEDR[8]" is stuck at GND File: /home/rmolines/Documents/GitHub/Rel-gio-VHDL/Relogio/Relogio.vhd Line: 14
    Warning (13410): Pin "LEDR[9]" is stuck at GND File: /home/rmolines/Documents/GitHub/Rel-gio-VHDL/Relogio/Relogio.vhd Line: 14
    Warning (13410): Pin "LEDR[10]" is stuck at GND File: /home/rmolines/Documents/GitHub/Rel-gio-VHDL/Relogio/Relogio.vhd Line: 14
    Warning (13410): Pin "LEDR[11]" is stuck at GND File: /home/rmolines/Documents/GitHub/Rel-gio-VHDL/Relogio/Relogio.vhd Line: 14
    Warning (13410): Pin "LEDR[12]" is stuck at GND File: /home/rmolines/Documents/GitHub/Rel-gio-VHDL/Relogio/Relogio.vhd Line: 14
    Warning (13410): Pin "LEDR[13]" is stuck at GND File: /home/rmolines/Documents/GitHub/Rel-gio-VHDL/Relogio/Relogio.vhd Line: 14
    Warning (13410): Pin "LEDR[14]" is stuck at GND File: /home/rmolines/Documents/GitHub/Rel-gio-VHDL/Relogio/Relogio.vhd Line: 14
    Warning (13410): Pin "LEDR[15]" is stuck at GND File: /home/rmolines/Documents/GitHub/Rel-gio-VHDL/Relogio/Relogio.vhd Line: 14
    Warning (13410): Pin "LEDR[16]" is stuck at GND File: /home/rmolines/Documents/GitHub/Rel-gio-VHDL/Relogio/Relogio.vhd Line: 14
    Warning (13410): Pin "LEDR[17]" is stuck at GND File: /home/rmolines/Documents/GitHub/Rel-gio-VHDL/Relogio/Relogio.vhd Line: 14
    Warning (13410): Pin "LEDG[4]" is stuck at GND File: /home/rmolines/Documents/GitHub/Rel-gio-VHDL/Relogio/Relogio.vhd Line: 15
    Warning (13410): Pin "LEDG[5]" is stuck at GND File: /home/rmolines/Documents/GitHub/Rel-gio-VHDL/Relogio/Relogio.vhd Line: 15
    Warning (13410): Pin "LEDG[6]" is stuck at GND File: /home/rmolines/Documents/GitHub/Rel-gio-VHDL/Relogio/Relogio.vhd Line: 15
    Warning (13410): Pin "LEDG[7]" is stuck at GND File: /home/rmolines/Documents/GitHub/Rel-gio-VHDL/Relogio/Relogio.vhd Line: 15
    Warning (13410): Pin "LEDG[8]" is stuck at GND File: /home/rmolines/Documents/GitHub/Rel-gio-VHDL/Relogio/Relogio.vhd Line: 15
    Warning (13410): Pin "HEX6[0]" is stuck at GND File: /home/rmolines/Documents/GitHub/Rel-gio-VHDL/Relogio/Relogio.vhd Line: 16
    Warning (13410): Pin "HEX6[1]" is stuck at GND File: /home/rmolines/Documents/GitHub/Rel-gio-VHDL/Relogio/Relogio.vhd Line: 16
    Warning (13410): Pin "HEX6[2]" is stuck at GND File: /home/rmolines/Documents/GitHub/Rel-gio-VHDL/Relogio/Relogio.vhd Line: 16
    Warning (13410): Pin "HEX6[3]" is stuck at GND File: /home/rmolines/Documents/GitHub/Rel-gio-VHDL/Relogio/Relogio.vhd Line: 16
    Warning (13410): Pin "HEX6[4]" is stuck at GND File: /home/rmolines/Documents/GitHub/Rel-gio-VHDL/Relogio/Relogio.vhd Line: 16
    Warning (13410): Pin "HEX6[5]" is stuck at GND File: /home/rmolines/Documents/GitHub/Rel-gio-VHDL/Relogio/Relogio.vhd Line: 16
    Warning (13410): Pin "HEX6[6]" is stuck at GND File: /home/rmolines/Documents/GitHub/Rel-gio-VHDL/Relogio/Relogio.vhd Line: 16
    Warning (13410): Pin "HEX7[0]" is stuck at GND File: /home/rmolines/Documents/GitHub/Rel-gio-VHDL/Relogio/Relogio.vhd Line: 16
    Warning (13410): Pin "HEX7[1]" is stuck at GND File: /home/rmolines/Documents/GitHub/Rel-gio-VHDL/Relogio/Relogio.vhd Line: 16
    Warning (13410): Pin "HEX7[2]" is stuck at GND File: /home/rmolines/Documents/GitHub/Rel-gio-VHDL/Relogio/Relogio.vhd Line: 16
    Warning (13410): Pin "HEX7[3]" is stuck at GND File: /home/rmolines/Documents/GitHub/Rel-gio-VHDL/Relogio/Relogio.vhd Line: 16
    Warning (13410): Pin "HEX7[4]" is stuck at GND File: /home/rmolines/Documents/GitHub/Rel-gio-VHDL/Relogio/Relogio.vhd Line: 16
    Warning (13410): Pin "HEX7[5]" is stuck at GND File: /home/rmolines/Documents/GitHub/Rel-gio-VHDL/Relogio/Relogio.vhd Line: 16
    Warning (13410): Pin "HEX7[6]" is stuck at GND File: /home/rmolines/Documents/GitHub/Rel-gio-VHDL/Relogio/Relogio.vhd Line: 16
Info (286030): Timing-Driven Synthesis is running
Info (16010): Generating hard_block partition "hard_block:auto_generated_inst"
    Info (16011): Adding 0 node(s), including 0 DDIO, 0 PLL, 0 transceiver and 0 LCELL
Warning (21074): Design contains 10 input pin(s) that do not drive logic
    Warning (15610): No output dependent on input pin "SW[8]" File: /home/rmolines/Documents/GitHub/Rel-gio-VHDL/Relogio/Relogio.vhd Line: 10
    Warning (15610): No output dependent on input pin "SW[9]" File: /home/rmolines/Documents/GitHub/Rel-gio-VHDL/Relogio/Relogio.vhd Line: 10
    Warning (15610): No output dependent on input pin "SW[10]" File: /home/rmolines/Documents/GitHub/Rel-gio-VHDL/Relogio/Relogio.vhd Line: 10
    Warning (15610): No output dependent on input pin "SW[11]" File: /home/rmolines/Documents/GitHub/Rel-gio-VHDL/Relogio/Relogio.vhd Line: 10
    Warning (15610): No output dependent on input pin "SW[12]" File: /home/rmolines/Documents/GitHub/Rel-gio-VHDL/Relogio/Relogio.vhd Line: 10
    Warning (15610): No output dependent on input pin "SW[13]" File: /home/rmolines/Documents/GitHub/Rel-gio-VHDL/Relogio/Relogio.vhd Line: 10
    Warning (15610): No output dependent on input pin "SW[14]" File: /home/rmolines/Documents/GitHub/Rel-gio-VHDL/Relogio/Relogio.vhd Line: 10
    Warning (15610): No output dependent on input pin "SW[15]" File: /home/rmolines/Documents/GitHub/Rel-gio-VHDL/Relogio/Relogio.vhd Line: 10
    Warning (15610): No output dependent on input pin "SW[16]" File: /home/rmolines/Documents/GitHub/Rel-gio-VHDL/Relogio/Relogio.vhd Line: 10
    Warning (15610): No output dependent on input pin "SW[17]" File: /home/rmolines/Documents/GitHub/Rel-gio-VHDL/Relogio/Relogio.vhd Line: 10
Info (21057): Implemented 302 device resources after synthesis - the final resource count might be different
    Info (21058): Implemented 23 input pins
    Info (21059): Implemented 83 output pins
    Info (21061): Implemented 196 logic cells
Info: Quartus Prime Analysis & Synthesis was successful. 0 errors, 55 warnings
    Info: Peak virtual memory: 1000 megabytes
    Info: Processing ended: Sun Oct  8 19:44:58 2017
    Info: Elapsed time: 00:00:11
    Info: Total CPU time (on all processors): 00:00:21


